[debug] [2022-08-14T22:59:20.561Z] ----------------------------------------------------------------------
[debug] [2022-08-14T22:59:20.563Z] Command:       /usr/local/bin/node /usr/local/bin/firebase init
[debug] [2022-08-14T22:59:20.563Z] CLI Version:   11.6.0
[debug] [2022-08-14T22:59:20.563Z] Platform:      darwin
[debug] [2022-08-14T22:59:20.564Z] Node Version:  v16.15.1
[debug] [2022-08-14T22:59:20.564Z] Time:          Sun Aug 14 2022 17:59:20 GMT-0500 (Central Daylight Time)
[debug] [2022-08-14T22:59:20.565Z] ----------------------------------------------------------------------
[debug] 
[debug] [2022-08-14T22:59:20.629Z] > command requires scopes: ["email","openid","https://www.googleapis.com/auth/cloudplatformprojects.readonly","https://www.googleapis.com/auth/firebase","https://www.googleapis.com/auth/cloud-platform"]
[debug] [2022-08-14T22:59:20.629Z] > authorizing via signed-in user (tigistadgo2016@gmail.com)
[info] 
     ######## #### ########  ######## ########     ###     ######  ########
     ##        ##  ##     ## ##       ##     ##  ##   ##  ##       ##
     ######    ##  ########  ######   ########  #########  ######  ######
     ##        ##  ##    ##  ##       ##     ## ##     ##       ## ##
     ##       #### ##     ## ######## ########  ##     ##  ######  ########

You're about to initialize a Firebase project in this directory:

  /Users/tigisttsega

Before we get started, keep in mind:

  * You are initializing within an existing Firebase project directory

